\BOOKMARK [0][-]{chapter.1}{\376\377\0001\000.\000\040\000A\000r\000d\000u\000i\000n\000o\000\040\000\351\000s\000\040\000A\000n\000d\000r\000o\000i\000d\000\040\000b\000e\000m\000u\000t\000a\000t\000\341\000s\000a}{}% 1
\BOOKMARK [1][-]{section.1.1}{\376\377\0001\000.\0001\000.\000\040\000A\000z\000\040\000A\000r\000d\000u\000i\000n\000o}{chapter.1}% 2
\BOOKMARK [2][-]{subsection.1.1.1}{\376\377\0001\000.\0001\000.\0001\000.\000\040\000A\000\040\000p\000l\000a\000t\000f\000o\000r\000m\000\040\000f\000e\000l\000\351\000p\000\355\000t\000\351\000s\000e}{section.1.1}% 3
\BOOKMARK [2][-]{subsection.1.1.2}{\376\377\0001\000.\0001\000.\0002\000.\000\040\000E\000l\000\351\000r\000h\000e\000t\001\121\000\040\000a\000l\000a\000p\000l\000a\000p\000o\000k}{section.1.1}% 4
\BOOKMARK [2][-]{subsection.1.1.3}{\376\377\0001\000.\0001\000.\0003\000.\000\040\000M\000e\000m\000\363\000r\000i\000a\000\040\000\351\000s\000\040\000H\000\341\000t\000t\000\351\000r\000t\000\341\000r}{section.1.1}% 5
\BOOKMARK [2][-]{subsection.1.1.4}{\376\377\0001\000.\0001\000.\0004\000.\000\040\000A\000z\000\040\000I\000D\000E\000\040\000f\000e\000l\000\351\000p\000\355\000t\000\351\000s\000e\000\040\000\351\000s\000\040\000h\000a\000s\000z\000n\000\341\000l\000a\000t\000a}{section.1.1}% 6
\BOOKMARK [2][-]{subsection.1.1.5}{\376\377\0001\000.\0001\000.\0005\000.\000\040\000A\000\040\000C\000+\000+\000\040\000n\000y\000e\000l\000v}{section.1.1}% 7
\BOOKMARK [1][-]{section.1.2}{\376\377\0001\000.\0002\000.\000\040\000A\000z\000\040\000A\000n\000d\000r\000o\000i\000d}{chapter.1}% 8
\BOOKMARK [2][-]{subsection.1.2.1}{\376\377\0001\000.\0002\000.\0001\000.\000\040\000A\000z\000\040\000o\000p\000e\000r\000\341\000c\000i\000\363\000s\000\040\000r\000e\000n\000d\000s\000z\000e\000r\000\040\000t\000\366\000r\000t\000\351\000n\000e\000t\000e}{section.1.2}% 9
\BOOKMARK [2][-]{subsection.1.2.2}{\376\377\0001\000.\0002\000.\0002\000.\000\040\000A\000z\000\040\000A\000n\000d\000r\000o\000i\000d\000\040\000S\000t\000u\000d\000i\000o\000\040\000f\000e\000l\000\351\000p\000\355\000t\000\351\000s\000e\000\040\000\351\000s\000\040\000h\000a\000s\000z\000n\000\341\000l\000a\000t\000a}{section.1.2}% 10
\BOOKMARK [2][-]{subsection.1.2.3}{\376\377\0001\000.\0002\000.\0003\000.\000\040\000A\000\040\000J\000a\000v\000a\000\040\000n\000y\000e\000l\000v}{section.1.2}% 11
\BOOKMARK [0][-]{chapter.2}{\376\377\0002\000.\000\040\000K\000\366\000v\000e\000t\000e\000l\000m\000\351\000n\000y\000s\000p\000e\000c\000i\000f\000i\000k\000\341\000c\000i\000\363}{}% 12
\BOOKMARK [1][-]{section.2.1}{\376\377\0002\000.\0001\000.\000\040\000V\000\341\000g\000y\000\341\000l\000o\000m\000r\000e\000n\000d\000s\000z\000e\000r\000\040\000l\000e\000\355\000r\000\341\000s\000a}{chapter.2}% 13
\BOOKMARK [1][-]{section.2.2}{\376\377\0002\000.\0002\000.\000\040\000K\000\366\000v\000e\000t\000e\000l\000m\000\351\000n\000y\000e\000k}{chapter.2}% 14
\BOOKMARK [1][-]{section.2.3}{\376\377\0002\000.\0003\000.\000\040\000J\000e\000l\000e\000n\000l\000e\000g\000i\000\040\000h\000e\000l\000y\000z\000e\000t\000\040\000l\000e\000\355\000r\000\341\000s\000a}{chapter.2}% 15
\BOOKMARK [0][-]{chapter.3}{\376\377\0003\000.\000\040\000F\000u\000n\000k\000c\000i\000o\000n\000\341\000l\000i\000s\000\040\000s\000p\000e\000c\000i\000f\000i\000k\000\341\000c\000i\000\363}{}% 16
\BOOKMARK [1][-]{section.3.1}{\376\377\0003\000.\0001\000.\000\040\000H\000a\000s\000z\000n\000\341\000l\000a\000t\000i\000\040\000e\000s\000e\000t\000e\000k}{chapter.3}% 17
\BOOKMARK [1][-]{section.3.2}{\376\377\0003\000.\0002\000.\000\040\000K\000\366\000v\000e\000t\000e\000l\000m\000\351\000n\000y\000\040\000m\000e\000g\000f\000e\000l\000e\000l\000t\000e\000t\000\351\000s}{chapter.3}% 18
\BOOKMARK [2][-]{subsection.3.2.1}{\376\377\0003\000.\0002\000.\0001\000.\000\040\000K\000\366\000n\000n\000y\001\161\000\040\000m\000\363\000d\000o\000s\000\355\000t\000h\000a\000t\000\363\000s\000\341\000g}{section.3.2}% 19
\BOOKMARK [2][-]{subsection.3.2.2}{\376\377\0003\000.\0002\000.\0002\000.\000\040\000\311\000r\000d\000e\000k\000e\000s\000\040\000p\000r\000o\000j\000e\000k\000t}{section.3.2}% 20
\BOOKMARK [2][-]{subsection.3.2.3}{\376\377\0003\000.\0002\000.\0003\000.\000\040\000S\000o\000k\000o\000l\000d\000a\000l\000\372\000\040\000f\000e\000l\000h\000a\000s\000z\000n\000\341\000l\000\341\000s}{section.3.2}% 21
\BOOKMARK [1][-]{section.3.3}{\376\377\0003\000.\0003\000.\000\040\000A\000\040\000f\000e\000j\000l\000e\000s\000z\000t\000\351\000s\000\040\000s\000o\000r\000\341\000n\000\040\000h\000a\000s\000z\000n\000\341\000l\000t\000\040\000t\000e\000l\000e\000f\000o\000n\000o\000k}{chapter.3}% 22
\BOOKMARK [2][-]{subsection.3.3.1}{\376\377\0003\000.\0003\000.\0001\000.\000\040\000S\000a\000m\000s\000u\000n\000g\000\040\000G\000a\000l\000a\000x\000y\000\040\000A\0007\0001}{section.3.3}% 23
\BOOKMARK [2][-]{subsection.3.3.2}{\376\377\0003\000.\0003\000.\0002\000.\000\040\000A\000l\000c\000a\000t\000e\000l\000\040\000O\000n\000e\000T\000o\000u\000c\000h\000\040\000P\000o\000p\000\040\000D\0001}{section.3.3}% 24
\BOOKMARK [0][-]{chapter.4}{\376\377\0004\000.\000\040\000B\000e\000l\000s\001\121\000\040\000\341\000l\000l\000a\000p\000o\000t\000o\000k\000\040\000\351\000s\000\040\000f\000e\000l\000\374\000l\000e\000t\000t\000e\000r\000v}{}% 25
\BOOKMARK [1][-]{section.4.1}{\376\377\0004\000.\0001\000.\000\040\000A\000\040\000r\000o\000b\000o\000t\000\040\000b\000e\000l\000s\001\121\000\040\000\341\000l\000l\000a\000p\000o\000t\000a\000i}{chapter.4}% 26
\BOOKMARK [2][-]{subsection.4.1.1}{\376\377\0004\000.\0001\000.\0001\000.\000\040\000K\000e\000z\000d\001\121\000\341\000l\000l\000a\000p\000o\000t}{section.4.1}% 27
\BOOKMARK [2][-]{subsection.4.1.2}{\376\377\0004\000.\0001\000.\0002\000.\000\040\000A\000z\000\040\000i\000r\000\341\000n\000y\000\355\000t\000\341\000s\000\040\000f\000o\000l\000y\000a\000m\000a\000t\000a}{section.4.1}% 28
\BOOKMARK [2][-]{subsection.4.1.3}{\376\377\0004\000.\0001\000.\0003\000.\000\040\000A\000u\000t\000o\000m\000a\000t\000a\000\040\000k\000\366\000v\000e\000t\000\351\000s\000\040\000f\000o\000l\000y\000a\000m\000a\000t\000a}{section.4.1}% 29
\BOOKMARK [2][-]{subsection.4.1.4}{\376\377\0004\000.\0001\000.\0004\000.\000\040\000A\000\040\000n\000a\000p\000l\000\363\000z\000\341\000s\000i\000\040\000f\000o\000l\000y\000a\000m\000a\000t}{section.4.1}% 30
\BOOKMARK [1][-]{section.4.2}{\376\377\0004\000.\0002\000.\000\040\000A\000n\000d\000r\000o\000i\000d\000\040\000k\000\351\000p\000e\000r\000n\000y\001\121\000t\000e\000r\000v\000e\000k}{chapter.4}% 31
\BOOKMARK [2][-]{subsection.4.2.1}{\376\377\0004\000.\0002\000.\0001\000.\000\040\000A\000\040\000k\000e\000z\000d\001\121\000k\000\351\000p\000e\000r\000n\000y\001\121}{section.4.2}% 32
\BOOKMARK [2][-]{subsection.4.2.2}{\376\377\0004\000.\0002\000.\0002\000.\000\040\000S\000\372\000g\000\363\000\040\000k\000\351\000p\000e\000r\000n\000y\001\121}{section.4.2}% 33
\BOOKMARK [2][-]{subsection.4.2.3}{\376\377\0004\000.\0002\000.\0003\000.\000\040\000A\000z\000\040\000a\000u\000t\000o\000m\000a\000t\000a\000\040\000k\000\366\000v\000e\000t\000\351\000s\000\040\000k\000\351\000p\000e\000r\000n\000y\001\121\000j\000e}{section.4.2}% 34
\BOOKMARK [2][-]{subsection.4.2.4}{\376\377\0004\000.\0002\000.\0004\000.\000\040\000B\000l\000u\000e\000t\000o\000o\000t\000h\000\040\000i\000r\000\341\000n\000y\000\355\000t\000\341\000s\000\040\000k\000\351\000p\000e\000r\000n\000y\001\121\000j\000e}{section.4.2}% 35
\BOOKMARK [2][-]{subsection.4.2.5}{\376\377\0004\000.\0002\000.\0005\000.\000\040\000N\000a\000p\000l\000\363\000z\000\341\000s\000i\000\040\000k\000\351\000p\000e\000r\000n\000y\001\121}{section.4.2}% 36
\BOOKMARK [0][-]{chapter.5}{\376\377\0005\000.\000\040\000A\000\040\000r\000o\000b\000o\000t\000\040\000\351\000s\000\040\000a\000z\000\040\000a\000p\000p\000l\000i\000k\000\341\000c\000i\000\363\000\040\000m\001\161\000k\000\366\000d\000\351\000s\000e}{}% 37
\BOOKMARK [1][-]{section.5.1}{\376\377\0005\000.\0001\000.\000\040\000A\000\040\000t\000e\000l\000e\000f\000o\000n\000\040\000\351\000s\000\040\000a\000\040\000r\000o\000b\000o\000t\000\040\000\366\000s\000s\000z\000e\000k\000a\000p\000c\000s\000o\000l\000\341\000s\000a}{chapter.5}% 38
\BOOKMARK [1][-]{section.5.2}{\376\377\0005\000.\0002\000.\000\040\000A\000\040\000f\001\121\000\040\000f\000o\000l\000y\000a\000m\000a\000t\000o\000k\000\040\000e\000l\000d\000\366\000n\000t\000\351\000s\000e}{chapter.5}% 39
\BOOKMARK [1][-]{section.5.3}{\376\377\0005\000.\0003\000.\000\040\000K\000\363\000d\000\040\000k\000\374\000l\000d\000\351\000s\000e\000\040\000a\000\040\000t\000e\000l\000e\000f\000o\000n\000r\000\363\000l}{chapter.5}% 40
\BOOKMARK [1][-]{section.5.4}{\376\377\0005\000.\0004\000.\000\040\000M\000o\000t\000o\000r\000o\000k\000\040\000k\000e\000z\000e\000l\000\351\000s\000e}{chapter.5}% 41
\BOOKMARK [1][-]{section.5.5}{\376\377\0005\000.\0005\000.\000\040\000A\000k\000a\000d\000\341\000l\000y\000o\000k\000\040\000\351\000r\000z\000\351\000k\000e\000l\000\351\000s\000e}{chapter.5}% 42
\BOOKMARK [1][-]{section.5.6}{\376\377\0005\000.\0006\000.\000\040\000A\000\040\000p\000\341\000l\000y\000\341\000t\000\040\000j\000e\000l\000\366\000l\001\121\000\040\000v\000o\000n\000a\000l\000\040\000k\000\366\000v\000e\000t\000\351\000s\000e}{chapter.5}% 43
\BOOKMARK [1][-]{section.5.7}{\376\377\0005\000.\0007\000.\000\040\000A\000k\000a\000d\000\341\000l\000y\000\040\000k\000i\000k\000e\000r\000\374\000l\000\351\000s\000e}{chapter.5}% 44
\BOOKMARK [1][-]{section.5.8}{\376\377\0005\000.\0008\000.\000\040\000A\000\040\000n\000a\000p\000l\000\363\000f\000\341\000j\000l\000\040\000f\000e\000l\000d\000o\000l\000g\000o\000z\000\341\000s\000a\000\040\000\351\000s\000\040\000m\000e\000n\000t\000\351\000s\000e}{chapter.5}% 45
\BOOKMARK [0][-]{chapter.6}{\376\377\0006\000.\000\040\000F\000e\000j\000l\000e\000s\000z\000t\000\351\000s\000\040\000k\000\366\000z\000b\000e\000n\000i\000\040\000t\000a\000p\000a\000s\000z\000t\000a\000l\000a\000t\000o\000k}{}% 46
\BOOKMARK [1][-]{section.6.1}{\376\377\0006\000.\0001\000.\000\040\000H\000a\000r\000d\000v\000e\000r\000r\000e\000l\000\040\000k\000a\000p\000c\000s\000o\000l\000a\000t\000o\000s\000\040\000t\000a\000p\000a\000s\000z\000t\000a\000l\000a\000t\000o\000k}{chapter.6}% 47
\BOOKMARK [2][-]{subsection.6.1.1}{\376\377\0006\000.\0001\000.\0001\000.\000\040\000A\000\040\000r\000o\000b\000o\000t\000\040\000\351\000p\000\355\000t\000\351\000s\000e\000k\000o\000r\000\040\000s\000z\000e\000r\000z\000e\000t\000t\000\040\000t\000a\000p\000a\000s\000z\000t\000a\000l\000a\000t\000o\000k}{section.6.1}% 48
\BOOKMARK [2][-]{subsection.6.1.2}{\376\377\0006\000.\0001\000.\0002\000.\000\040\000A\000\040\000t\000e\000l\000e\000f\000o\000n\000\040\000h\000a\000r\000d\000v\000e\000r\000\351\000r\000e\000\040\000v\000o\000n\000a\000t\000k\000o\000z\000\363\000\040\000t\000a\000p\000a\000s\000z\000t\000a\000l\000a\000t\000o\000k}{section.6.1}% 49
\BOOKMARK [1][-]{section.6.2}{\376\377\0006\000.\0002\000.\000\040\000S\000z\000o\000f\000t\000v\000e\000r\000e\000s\000\040\000\351\000s\000z\000r\000e\000v\000\351\000t\000e\000l\000e\000k}{chapter.6}% 50
\BOOKMARK [2][-]{subsection.6.2.1}{\376\377\0006\000.\0002\000.\0001\000.\000\040\000A\000\040\000k\000\351\000s\000l\000e\000l\000t\000e\000t\000\351\000s\000s\000e\000l\000\040\000k\000a\000p\000c\000s\000o\000l\000a\000t\000o\000s\000\040\000p\000r\000o\000b\000l\000\351\000m\000a\000\040\000m\000e\000g\000o\000l\000d\000\341\000s\000a}{section.6.2}% 51
\BOOKMARK [2][-]{subsection.6.2.2}{\376\377\0006\000.\0002\000.\0002\000.\000\040\000N\000a\000p\000l\000\363\000f\000\341\000j\000l\000\040\000f\000o\000g\000a\000d\000\341\000s\000\341\000n\000a\000k\000\040\000m\000e\000g\000v\000a\000l\000\363\000s\000\355\000t\000\341\000s\000a}{section.6.2}% 52
\BOOKMARK [0][-]{chapter.7}{\376\377\0007\000.\000\040\000T\000o\000v\000\341\000b\000b\000f\000e\000j\000l\000e\000s\000z\000t\000\351\000s\000i\000\040\000l\000e\000h\000e\000t\001\121\000s\000\351\000g\000e\000k}{}% 53
\BOOKMARK [1][-]{section.7.1}{\376\377\0007\000.\0001\000.\000\040\000H\000a\000r\000d\000v\000e\000r\000r\000e\000\040\000v\000o\000n\000a\000t\000k\000o\000z\000\363\000\040\000f\000e\000j\000l\000e\000s\000z\000t\000\351\000s}{chapter.7}% 54
\BOOKMARK [1][-]{section.7.2}{\376\377\0007\000.\0002\000.\000\040\000A\000n\000d\000r\000o\000i\000d\000\040\000s\000z\000o\000f\000t\000v\000e\000r\000r\000e\000\040\000v\000o\000n\000a\000t\000k\000o\000z\000\363\000\040\000f\000e\000j\000l\000e\000s\000z\000t\000\351\000s}{chapter.7}% 55
\BOOKMARK [1][-]{section.7.3}{\376\377\0007\000.\0003\000.\000\040\000A\000\040\000h\000a\000r\000d\000v\000e\000r\000\040\000b\000i\000z\000t\000o\000s\000\355\000t\000\341\000s\000\341\000r\000a\000\040\000v\000o\000n\000a\000t\000k\000o\000z\000\363\000\040\000f\000e\000j\000l\000e\000s\000z\000t\000\351\000s}{chapter.7}% 56
\BOOKMARK [0][-]{chapter.8}{\376\377\0008\000.\000\040\000F\000e\000l\000h\000a\000s\000z\000n\000\341\000l\000\363\000i\000\040\000\372\000t\000m\000u\000t\000a\000t\000\363}{}% 57
\BOOKMARK [1][-]{section.8.1}{\376\377\0008\000.\0001\000.\000\040\000A\000\040\000r\000o\000b\000o\000t\000h\000o\000z\000\040\000t\000a\000r\000t\000o\000z\000\363\000\040\000f\000e\000l\000a\000d\000a\000t\000o\000k}{chapter.8}% 58
\BOOKMARK [2][-]{subsection.8.1.1}{\376\377\0008\000.\0001\000.\0001\000.\000\040\000S\000z\000\374\000k\000s\000\351\000g\000e\000s\000\040\000a\000l\000k\000a\000t\000r\000\351\000s\000z\000e\000k}{section.8.1}% 59
\BOOKMARK [2][-]{subsection.8.1.2}{\376\377\0008\000.\0001\000.\0002\000.\000\040\000A\000\040\000m\000o\000t\000o\000r\000o\000k\000\040\000c\000s\000a\000t\000l\000a\000k\000o\000z\000t\000a\000t\000\341\000s\000a}{section.8.1}% 60
\BOOKMARK [2][-]{subsection.8.1.3}{\376\377\0008\000.\0001\000.\0003\000.\000\040\000S\000z\000e\000n\000z\000o\000r\000o\000k\000\040\000f\000e\000l\000h\000e\000l\000y\000e\000z\000\351\000s\000e}{section.8.1}% 61
\BOOKMARK [2][-]{subsection.8.1.4}{\376\377\0008\000.\0001\000.\0004\000.\000\040\000A\000k\000k\000u\000m\000u\000l\000\341\000t\000o\000r\000\040\000c\000s\000a\000t\000l\000a\000k\000o\000z\000t\000a\000t\000\341\000s\000a}{section.8.1}% 62
\BOOKMARK [2][-]{subsection.8.1.5}{\376\377\0008\000.\0001\000.\0005\000.\000\040\000A\000\040\000p\000r\000o\000g\000r\000a\000m\000\040\000t\000e\000l\000e\000p\000\355\000t\000\351\000s\000e\000\040\000a\000z\000\040\000a\000l\000a\000p\000l\000a\000p\000r\000a}{section.8.1}% 63
\BOOKMARK [1][-]{section.8.2}{\376\377\0008\000.\0002\000.\000\040\000A\000\040\000t\000e\000l\000e\000f\000o\000n\000o\000n\000\040\000e\000l\000v\000\351\000g\000z\000e\000n\000d\001\121\000\040\000l\000\351\000p\000\351\000s\000e\000k}{chapter.8}% 64
\BOOKMARK [2][-]{subsection.8.2.1}{\376\377\0008\000.\0002\000.\0001\000.\000\040\000A\000z\000\040\000a\000l\000k\000a\000l\000m\000a\000z\000\341\000s\000\040\000t\000e\000l\000e\000p\000\355\000t\000\351\000s\000e}{section.8.2}% 65
\BOOKMARK [2][-]{subsection.8.2.2}{\376\377\0008\000.\0002\000.\0002\000.\000\040\000B\000l\000u\000e\000t\000o\000o\000t\000h\000\040\000p\000\341\000r\000o\000s\000\355\000t\000\341\000s}{section.8.2}% 66
\BOOKMARK [2][-]{subsection.8.2.3}{\376\377\0008\000.\0002\000.\0003\000.\000\040\000A\000z\000\040\000a\000l\000k\000a\000l\000m\000a\000z\000\341\000s\000\040\000e\000l\000s\001\121\000\040\000i\000n\000d\000\355\000t\000\341\000s\000a}{section.8.2}% 67
