This is pdfTeX, Version 3.14159265-2.6-1.40.21 (TeX Live 2020/W32TeX) (preloaded format=pdflatex 2021.3.3)  27 APR 2021 10:57
entering extended mode
 restricted \write18 enabled.
 %&-line parsing enabled.
**szakdolgozat.tex
(./szakdolgozat.tex
LaTeX2e <2020-10-01> patch level 4
L3 programming layer <2021-02-18>
(c:/texlive/2020/texmf-dist/tex/latex/thesis-ekf/thesis-ekf.cls
Document Class: thesis-ekf 2020/12/22 v4.1 Thesis class for Eszterhazy Karoly U
niversity (Eger, Hungary)
(c:/texlive/2020/texmf-dist/tex/latex/kvoptions/kvoptions.sty
Package: kvoptions 2020-10-07 v3.14 Key value format for package options (HO)

(c:/texlive/2020/texmf-dist/tex/latex/graphics/keyval.sty
Package: keyval 2014/10/28 v1.15 key=value parser (DPC)
\KV@toks@=\toks15
)
(c:/texlive/2020/texmf-dist/tex/generic/ltxcmds/ltxcmds.sty
Package: ltxcmds 2020-05-10 v1.25 LaTeX kernel commands for general use (HO)
)
(c:/texlive/2020/texmf-dist/tex/generic/kvsetkeys/kvsetkeys.sty
Package: kvsetkeys 2019/12/15 v1.18 Key value parser (HO)
))
(c:/texlive/2020/texmf-dist/tex/latex/base/report.cls
Document Class: report 2020/04/10 v1.4m Standard LaTeX document class
(c:/texlive/2020/texmf-dist/tex/latex/base/size12.clo
File: size12.clo 2020/04/10 v1.4m Standard LaTeX file (size option)
)
\c@part=\count179
\c@chapter=\count180
\c@section=\count181
\c@subsection=\count182
\c@subsubsection=\count183
\c@paragraph=\count184
\c@subparagraph=\count185
\c@figure=\count186
\c@table=\count187
\abovecaptionskip=\skip47
\belowcaptionskip=\skip48
\bibindent=\dimen138
)
(c:/texlive/2020/texmf-dist/tex/generic/iftex/iftex.sty
Package: iftex 2020/03/06 v1.0d TeX engine tests
)
(c:/texlive/2020/texmf-dist/tex/latex/cmap/cmap.sty
Package: cmap 2021/02/06 v1.0j CMap support: searchable PDF
)
(c:/texlive/2020/texmf-dist/tex/latex/setspace/setspace.sty
Package: setspace 2011/12/19 v6.7a set line spacing
)
(c:/texlive/2020/texmf-dist/tex/latex/hyperref/hyperref.sty
Package: hyperref 2021-02-27 v7.00k Hypertext links for LaTeX

(c:/texlive/2020/texmf-dist/tex/generic/pdftexcmds/pdftexcmds.sty
Package: pdftexcmds 2020-06-27 v0.33 Utility functions of pdfTeX for LuaTeX (HO
)

(c:/texlive/2020/texmf-dist/tex/generic/infwarerr/infwarerr.sty
Package: infwarerr 2019/12/03 v1.5 Providing info/warning/error messages (HO)
)
Package pdftexcmds Info: \pdf@primitive is available.
Package pdftexcmds Info: \pdf@ifprimitive is available.
Package pdftexcmds Info: \pdfdraftmode found.
)
(c:/texlive/2020/texmf-dist/tex/generic/kvdefinekeys/kvdefinekeys.sty
Package: kvdefinekeys 2019-12-19 v1.6 Define keys (HO)
)
(c:/texlive/2020/texmf-dist/tex/generic/pdfescape/pdfescape.sty
Package: pdfescape 2019/12/09 v1.15 Implements pdfTeX's escape features (HO)
)
(c:/texlive/2020/texmf-dist/tex/latex/hycolor/hycolor.sty
Package: hycolor 2020-01-27 v1.10 Color options for hyperref/bookmark (HO)
)
(c:/texlive/2020/texmf-dist/tex/latex/letltxmacro/letltxmacro.sty
Package: letltxmacro 2019/12/03 v1.6 Let assignment for LaTeX macros (HO)
)
(c:/texlive/2020/texmf-dist/tex/latex/auxhook/auxhook.sty
Package: auxhook 2019-12-17 v1.6 Hooks for auxiliary files (HO)
)
\@linkdim=\dimen139
\Hy@linkcounter=\count188
\Hy@pagecounter=\count189

(c:/texlive/2020/texmf-dist/tex/latex/hyperref/pd1enc.def
File: pd1enc.def 2021-02-27 v7.00k Hyperref: PDFDocEncoding definition (HO)
Now handling font encoding PD1 ...
... no UTF-8 mapping file for font encoding PD1
)
(c:/texlive/2020/texmf-dist/tex/latex/hyperref/hyperref-langpatches.def
File: hyperref-langpatches.def 2021-02-27 v7.00k Hyperref: patches for babel la
nguages
)
(c:/texlive/2020/texmf-dist/tex/generic/intcalc/intcalc.sty
Package: intcalc 2019/12/15 v1.3 Expandable calculations with integers (HO)
)
(c:/texlive/2020/texmf-dist/tex/generic/etexcmds/etexcmds.sty
Package: etexcmds 2019/12/15 v1.7 Avoid name clashes with e-TeX commands (HO)
)
\Hy@SavedSpaceFactor=\count190

(c:/texlive/2020/texmf-dist/tex/latex/hyperref/puenc.def
File: puenc.def 2021-02-27 v7.00k Hyperref: PDF Unicode definition (HO)
Now handling font encoding PU ...
... no UTF-8 mapping file for font encoding PU
)
Package hyperref Info: Option `unicode' set `true' on input line 4073.
Package hyperref Info: Option `linktocpage' set `true' on input line 4073.
Package hyperref Info: Option `bookmarksnumbered' set `true' on input line 4073
.
Package hyperref Info: Hyper figures OFF on input line 4192.
Package hyperref Info: Link nesting OFF on input line 4197.
Package hyperref Info: Hyper index ON on input line 4200.
Package hyperref Info: Plain pages OFF on input line 4207.
Package hyperref Info: Backreferencing OFF on input line 4212.
Package hyperref Info: Implicit mode ON; LaTeX internals redefined.
Package hyperref Info: Bookmarks ON on input line 4445.
\c@Hy@tempcnt=\count191

(c:/texlive/2020/texmf-dist/tex/latex/url/url.sty
\Urlmuskip=\muskip16
Package: url 2013/09/16  ver 3.4  Verb mode for urls, etc.
)
LaTeX Info: Redefining \url on input line 4804.
\XeTeXLinkMargin=\dimen140

(c:/texlive/2020/texmf-dist/tex/generic/bitset/bitset.sty
Package: bitset 2019/12/09 v1.3 Handle bit-vector datatype (HO)

(c:/texlive/2020/texmf-dist/tex/generic/bigintcalc/bigintcalc.sty
Package: bigintcalc 2019/12/15 v1.5 Expandable calculations on big integers (HO
)
))
\Fld@menulength=\count192
\Field@Width=\dimen141
\Fld@charsize=\dimen142
Package hyperref Info: Hyper figures OFF on input line 6075.
Package hyperref Info: Link nesting OFF on input line 6080.
Package hyperref Info: Hyper index ON on input line 6083.
Package hyperref Info: backreferencing OFF on input line 6090.
Package hyperref Info: Link coloring OFF on input line 6095.
Package hyperref Info: Link coloring with OCG OFF on input line 6100.
Package hyperref Info: PDF/A mode OFF on input line 6105.
LaTeX Info: Redefining \ref on input line 6145.
LaTeX Info: Redefining \pageref on input line 6149.

(c:/texlive/2020/texmf-dist/tex/latex/base/atbegshi-ltx.sty
Package: atbegshi-ltx 2020/08/17 v1.0a Emulation of the original atbegshi packa
ge
with kernel methods
)
\Hy@abspage=\count193
\c@Item=\count194
\c@Hfootnote=\count195
)
Package hyperref Info: Driver (autodetected): hpdftex.

(c:/texlive/2020/texmf-dist/tex/latex/hyperref/hpdftex.def
File: hpdftex.def 2021-02-27 v7.00k Hyperref driver for pdfTeX

(c:/texlive/2020/texmf-dist/tex/latex/base/atveryend-ltx.sty
Package: atveryend-ltx 2020/08/19 v1.0a Emulation of the original atvery packag
e
with kernel methods
)
\Fld@listcount=\count196
\c@bookmark@seq@number=\count197

(c:/texlive/2020/texmf-dist/tex/latex/rerunfilecheck/rerunfilecheck.sty
Package: rerunfilecheck 2019/12/05 v1.9 Rerun checks for auxiliary files (HO)

(c:/texlive/2020/texmf-dist/tex/generic/uniquecounter/uniquecounter.sty
Package: uniquecounter 2019/12/15 v1.4 Provide unlimited unique counter (HO)
)
Package uniquecounter Info: New unique counter `rerunfilecheck' on input line 2
86.
)
\Hy@SectionHShift=\skip49
)
(c:/texlive/2020/texmf-dist/tex/latex/geometry/geometry.sty
Package: geometry 2020/01/02 v5.9 Page Geometry

(c:/texlive/2020/texmf-dist/tex/generic/iftex/ifvtex.sty
Package: ifvtex 2019/10/25 v1.7 ifvtex legacy package. Use iftex instead.
)
\Gm@cnth=\count198
\Gm@cntv=\count199
\c@Gm@tempcnt=\count266
\Gm@bindingoffset=\dimen143
\Gm@wd@mp=\dimen144
\Gm@odd@mp=\dimen145
\Gm@even@mp=\dimen146
\Gm@layoutwidth=\dimen147
\Gm@layoutheight=\dimen148
\Gm@layouthoffset=\dimen149
\Gm@layoutvoffset=\dimen150
\Gm@dimlist=\toks16
)
(c:/texlive/2020/texmf-dist/tex/latex/lm/lmodern.sty
Package: lmodern 2009/10/30 v1.6 Latin Modern Fonts
LaTeX Font Info:    Overwriting symbol font `operators' in version `normal'
(Font)                  OT1/cmr/m/n --> OT1/lmr/m/n on input line 22.
LaTeX Font Info:    Overwriting symbol font `letters' in version `normal'
(Font)                  OML/cmm/m/it --> OML/lmm/m/it on input line 23.
LaTeX Font Info:    Overwriting symbol font `symbols' in version `normal'
(Font)                  OMS/cmsy/m/n --> OMS/lmsy/m/n on input line 24.
LaTeX Font Info:    Overwriting symbol font `largesymbols' in version `normal'
(Font)                  OMX/cmex/m/n --> OMX/lmex/m/n on input line 25.
LaTeX Font Info:    Overwriting symbol font `operators' in version `bold'
(Font)                  OT1/cmr/bx/n --> OT1/lmr/bx/n on input line 26.
LaTeX Font Info:    Overwriting symbol font `letters' in version `bold'
(Font)                  OML/cmm/b/it --> OML/lmm/b/it on input line 27.
LaTeX Font Info:    Overwriting symbol font `symbols' in version `bold'
(Font)                  OMS/cmsy/b/n --> OMS/lmsy/b/n on input line 28.
LaTeX Font Info:    Overwriting symbol font `largesymbols' in version `bold'
(Font)                  OMX/cmex/m/n --> OMX/lmex/m/n on input line 29.
LaTeX Font Info:    Overwriting math alphabet `\mathbf' in version `normal'
(Font)                  OT1/cmr/bx/n --> OT1/lmr/bx/n on input line 31.
LaTeX Font Info:    Overwriting math alphabet `\mathsf' in version `normal'
(Font)                  OT1/cmss/m/n --> OT1/lmss/m/n on input line 32.
LaTeX Font Info:    Overwriting math alphabet `\mathit' in version `normal'
(Font)                  OT1/cmr/m/it --> OT1/lmr/m/it on input line 33.
LaTeX Font Info:    Overwriting math alphabet `\mathtt' in version `normal'
(Font)                  OT1/cmtt/m/n --> OT1/lmtt/m/n on input line 34.
LaTeX Font Info:    Overwriting math alphabet `\mathbf' in version `bold'
(Font)                  OT1/cmr/bx/n --> OT1/lmr/bx/n on input line 35.
LaTeX Font Info:    Overwriting math alphabet `\mathsf' in version `bold'
(Font)                  OT1/cmss/bx/n --> OT1/lmss/bx/n on input line 36.
LaTeX Font Info:    Overwriting math alphabet `\mathit' in version `bold'
(Font)                  OT1/cmr/bx/it --> OT1/lmr/bx/it on input line 37.
LaTeX Font Info:    Overwriting math alphabet `\mathtt' in version `bold'
(Font)                  OT1/cmtt/m/n --> OT1/lmtt/m/n on input line 38.
)
(c:/texlive/2020/texmf-dist/tex/latex/fixcmex/fixcmex.sty
Package: fixcmex 2019/08/05 v1.1 Scalable math extensions font (Enrico Gregorio
)
)
(c:/texlive/2020/texmf-dist/tex/latex/etoolbox/etoolbox.sty
Package: etoolbox 2020/10/05 v2.5k e-TeX tools for LaTeX (JAW)
\etb@tempcnta=\count267
)
(c:/texlive/2020/texmf-dist/tex/latex/graphics/graphicx.sty
Package: graphicx 2020/09/09 v1.2b Enhanced LaTeX Graphics (DPC,SPQR)

(c:/texlive/2020/texmf-dist/tex/latex/graphics/graphics.sty
Package: graphics 2020/08/30 v1.4c Standard LaTeX Graphics (DPC,SPQR)

(c:/texlive/2020/texmf-dist/tex/latex/graphics/trig.sty
Package: trig 2016/01/03 v1.10 sin cos tan (DPC)
)
(c:/texlive/2020/texmf-dist/tex/latex/graphics-cfg/graphics.cfg
File: graphics.cfg 2016/06/04 v1.11 sample graphics configuration
)
Package graphics Info: Driver file: pdftex.def on input line 105.

(c:/texlive/2020/texmf-dist/tex/latex/graphics-def/pdftex.def
File: pdftex.def 2020/10/05 v1.2a Graphics/color driver for pdftex
))
\Gin@req@height=\dimen151
\Gin@req@width=\dimen152
))
(c:/texlive/2020/texmf-dist/tex/latex/base/fontenc.sty
Package: fontenc 2020/08/10 v2.0s Standard LaTeX package
LaTeX Font Info:    Trying to load font information for T1+lmr on input line 11
2.

(c:/texlive/2020/texmf-dist/tex/latex/lm/t1lmr.fd
File: t1lmr.fd 2009/10/30 v1.6 Font defs for Latin Modern
)<<t1.cmap>>)
(c:/texlive/2020/texmf-dist/tex/latex/fancyvrb/fancyvrb.sty
Package: fancyvrb 2021/01/20 v3.7 verbatim text (tvz,hv)
\FV@CodeLineNo=\count268
\FV@InFile=\read2
\FV@TabBox=\box47
\c@FancyVerbLine=\count269
\FV@StepNumber=\count270
\FV@OutFile=\write3
)
(c:/texlive/2020/texmf-dist/tex/latex/listingsutf8/listingsutf8.sty
Package: listingsutf8 2019-12-10 v1.5 Allow UTF-8 in listings input (HO)

(c:/texlive/2020/texmf-dist/tex/latex/listings/listings.sty
\lst@mode=\count271
\lst@gtempboxa=\box48
\lst@token=\toks17
\lst@length=\count272
\lst@currlwidth=\dimen153
\lst@column=\count273
\lst@pos=\count274
\lst@lostspace=\dimen154
\lst@width=\dimen155
\lst@newlines=\count275
\lst@lineno=\count276
\lst@maxwidth=\dimen156

(c:/texlive/2020/texmf-dist/tex/latex/listings/lstmisc.sty
File: lstmisc.sty 2020/03/24 1.8d (Carsten Heinz)
\c@lstnumber=\count277
\lst@skipnumbers=\count278
\lst@framebox=\box49
)
(c:/texlive/2020/texmf-dist/tex/latex/listings/listings.cfg
File: listings.cfg 2020/03/24 1.8d listings configuration
))
Package: listings 2020/03/24 1.8d (Carsten Heinz)

(c:/texlive/2020/texmf-dist/tex/generic/stringenc/stringenc.sty
Package: stringenc 2019/11/29 v1.12 Convert strings between diff. encodings (HO
)
))
(c:/texlive/2020/texmf-dist/tex/latex/xcolor/xcolor.sty
Package: xcolor 2016/05/11 v2.12 LaTeX color extensions (UK)

(c:/texlive/2020/texmf-dist/tex/latex/graphics-cfg/color.cfg
File: color.cfg 2016/01/02 v1.6 sample color configuration
)
Package xcolor Info: Driver file: pdftex.def on input line 225.
Package xcolor Info: Model `cmy' substituted by `cmy0' on input line 1348.
Package xcolor Info: Model `hsb' substituted by `rgb' on input line 1352.
Package xcolor Info: Model `RGB' extended on input line 1364.
Package xcolor Info: Model `HTML' substituted by `rgb' on input line 1366.
Package xcolor Info: Model `Hsb' substituted by `hsb' on input line 1367.
Package xcolor Info: Model `tHsb' substituted by `hsb' on input line 1368.
Package xcolor Info: Model `HSB' substituted by `hsb' on input line 1369.
Package xcolor Info: Model `Gray' substituted by `gray' on input line 1370.
Package xcolor Info: Model `wave' substituted by `hsb' on input line 1371.
)
(c:/texlive/2020/texmf-dist/tex/latex/caption/caption.sty
Package: caption 2020/10/26 v3.5g Customizing captions (AR)

(c:/texlive/2020/texmf-dist/tex/latex/caption/caption3.sty
Package: caption3 2020/10/21 v2.2e caption3 kernel (AR)
\captionmargin=\dimen157
\captionmargin@=\dimen158
\captionwidth=\dimen159
\caption@tempdima=\dimen160
\caption@indent=\dimen161
\caption@parindent=\dimen162
\caption@hangindent=\dimen163
Package caption Info: Standard document class detected.
)
\c@caption@flags=\count279
\c@continuedfloat=\count280
Package caption Info: hyperref package is loaded.
Package caption Info: listings package is loaded.
)
(c:/texlive/2020/texmf-dist/tex/latex/pdfpages/pdfpages.sty
Package: pdfpages 2021/02/05 v0.5s Insert pages of external PDF documents (AM)

(c:/texlive/2020/texmf-dist/tex/latex/base/ifthen.sty
Package: ifthen 2014/09/29 v1.1c Standard LaTeX ifthen package (DPC)
)
(c:/texlive/2020/texmf-dist/tex/latex/tools/calc.sty
Package: calc 2017/05/25 v4.3 Infix arithmetic (KKT,FJ)
\calc@Acount=\count281
\calc@Bcount=\count282
\calc@Adimen=\dimen164
\calc@Bdimen=\dimen165
\calc@Askip=\skip50
\calc@Bskip=\skip51
LaTeX Info: Redefining \setlength on input line 80.
LaTeX Info: Redefining \addtolength on input line 81.
\calc@Ccount=\count283
\calc@Cskip=\skip52
)
(c:/texlive/2020/texmf-dist/tex/latex/eso-pic/eso-pic.sty
Package: eso-pic 2020/10/14 v3.0a eso-pic (RN)
\ESO@tempdima=\dimen166
\ESO@tempdimb=\dimen167
)
\AM@pagewidth=\dimen168
\AM@pageheight=\dimen169
\AM@fboxrule=\dimen170

(c:/texlive/2020/texmf-dist/tex/latex/pdfpages/pppdftex.def
File: pppdftex.def 2021/02/05 v0.5s Pdfpages driver for pdfTeX (AM)
)
\pdfpages@includegraphics@status=\count284
\AM@pagebox=\box50
\AM@global@opts=\toks18
\AM@pagecnt=\count285
\AM@toc@title=\toks19
\c@AM@survey=\count286
\AM@templatesizebox=\box51
)
(c:/texlive/2020/texmf-dist/tex/latex/amscls/amsthm.sty
Package: amsthm 2020/05/29 v2.20.6
\thm@style=\toks20
\thm@bodyfont=\toks21
\thm@headfont=\toks22
\thm@notefont=\toks23
\thm@headpunct=\toks24
\thm@preskip=\skip53
\thm@postskip=\skip54
\thm@headsep=\skip55
\dth@everypar=\toks25
)
(c:/texlive/2020/texmf-dist/tex/latex/amsmath/amsmath.sty
Package: amsmath 2020/09/23 v2.17i AMS math features
\@mathmargin=\skip56

For additional information on amsmath, use the `?' option.
(c:/texlive/2020/texmf-dist/tex/latex/amsmath/amstext.sty
Package: amstext 2000/06/29 v2.01 AMS text

(c:/texlive/2020/texmf-dist/tex/latex/amsmath/amsgen.sty
File: amsgen.sty 1999/11/30 v2.0 generic functions
\@emptytoks=\toks26
\ex@=\dimen171
))
(c:/texlive/2020/texmf-dist/tex/latex/amsmath/amsbsy.sty
Package: amsbsy 1999/11/29 v1.2d Bold Symbols
\pmbraise@=\dimen172
)
(c:/texlive/2020/texmf-dist/tex/latex/amsmath/amsopn.sty
Package: amsopn 2016/03/08 v2.02 operator names
)
\inf@bad=\count287
LaTeX Info: Redefining \frac on input line 234.
\uproot@=\count288
\leftroot@=\count289
LaTeX Info: Redefining \overline on input line 399.
\classnum@=\count290
\DOTSCASE@=\count291
LaTeX Info: Redefining \ldots on input line 496.
LaTeX Info: Redefining \dots on input line 499.
LaTeX Info: Redefining \cdots on input line 620.
\Mathstrutbox@=\box52
\strutbox@=\box53
\big@size=\dimen173
LaTeX Font Info:    Redeclaring font encoding OML on input line 743.
LaTeX Font Info:    Redeclaring font encoding OMS on input line 744.
\macc@depth=\count292
\c@MaxMatrixCols=\count293
\dotsspace@=\muskip17
\c@parentequation=\count294
\dspbrk@lvl=\count295
\tag@help=\toks27
\row@=\count296
\column@=\count297
\maxfields@=\count298
\andhelp@=\toks28
\eqnshift@=\dimen174
\alignsep@=\dimen175
\tagshift@=\dimen176
\tagwidth@=\dimen177
\totwidth@=\dimen178
\lineht@=\dimen179
\@envbody=\toks29
\multlinegap=\skip57
\multlinetaggap=\skip58
\mathdisplay@stack=\toks30
LaTeX Info: Redefining \[ on input line 2923.
LaTeX Info: Redefining \] on input line 2924.
)
(c:/texlive/2020/texmf-dist/tex/latex/amsfonts/amssymb.sty
Package: amssymb 2013/01/14 v3.01 AMS font symbols

(c:/texlive/2020/texmf-dist/tex/latex/amsfonts/amsfonts.sty
Package: amsfonts 2013/01/14 v3.01 Basic AMSFonts support
\symAMSa=\mathgroup4
\symAMSb=\mathgroup5
LaTeX Font Info:    Redeclaring math symbol \hbar on input line 98.
LaTeX Font Info:    Overwriting math alphabet `\mathfrak' in version `bold'
(Font)                  U/euf/m/n --> U/euf/b/n on input line 106.
))
(c:/texlive/2020/texmf-dist/tex/generic/babel/babel.sty
Package: babel 2021/02/22 3.54 The Babel package

(c:/texlive/2020/texmf-dist/tex/generic/babel/babel.def
File: babel.def 2021/02/22 3.54 Babel common definitions
\babel@savecnt=\count299
\U@D=\dimen180
\l@babelnohyphens=\language86

(c:/texlive/2020/texmf-dist/tex/generic/babel/txtbabel.def)
\bbl@readstream=\read3
)
\bbl@dirlevel=\count300

(c:/texlive/2020/texmf-dist/tex/generic/babel-hungarian/magyar.ldf
Language: magyar 2019/01/14 v1.5c Magyar (Hungarian) support for babel
\c@enumv=\count301
Package babel Info: Making ; an active character on input line 2791.
Package babel Info: Making ! an active character on input line 2793.
Package babel Info: Making ? an active character on input line 2799.
Package babel Info: Making : an active character on input line 2801.
Package babel Info: Making ` an active character on input line 2819.
\c@footnote@add=\count302
\c@footnote@ch=\count303
))
(c:/texlive/2020/texmf-dist/tex/latex/listings/lstlang1.sty
File: lstlang1.sty 2020/03/24 1.8d listings language file
)
\c@definicio=\count304

(c:/texlive/2020/texmf-dist/tex/latex/upquote/upquote.sty
Package: upquote 2012/04/19 v1.3 upright-quote and grave-accent glyphs in verba
tim

(c:/texlive/2020/texmf-dist/tex/latex/base/textcomp.sty
Package: textcomp 2020/02/02 v2.0n Standard LaTeX package
))
(c:/texlive/2020/texmf-dist/tex/latex/l3backend/l3backend-pdftex.def
File: l3backend-pdftex.def 2021-03-02 L3 backend support: PDF output (pdfTeX)
\l__color_backend_stack_int=\count305
\l__pdf_internal_box=\box54
)
(./szakdolgozat.aux)
\openout1 = `szakdolgozat.aux'.

LaTeX Font Info:    Checking defaults for OML/cmm/m/it on input line 28.
LaTeX Font Info:    ... okay on input line 28.
LaTeX Font Info:    Checking defaults for OMS/cmsy/m/n on input line 28.
LaTeX Font Info:    ... okay on input line 28.
LaTeX Font Info:    Checking defaults for OT1/cmr/m/n on input line 28.
LaTeX Font Info:    ... okay on input line 28.
LaTeX Font Info:    Checking defaults for T1/cmr/m/n on input line 28.
LaTeX Font Info:    ... okay on input line 28.
LaTeX Font Info:    Checking defaults for TS1/cmr/m/n on input line 28.
LaTeX Font Info:    ... okay on input line 28.
LaTeX Font Info:    Checking defaults for OMX/cmex/m/n on input line 28.
LaTeX Font Info:    ... okay on input line 28.
LaTeX Font Info:    Checking defaults for U/cmr/m/n on input line 28.
LaTeX Font Info:    ... okay on input line 28.
LaTeX Font Info:    Checking defaults for PD1/pdf/m/n on input line 28.
LaTeX Font Info:    ... okay on input line 28.
LaTeX Font Info:    Checking defaults for PU/pdf/m/n on input line 28.
LaTeX Font Info:    ... okay on input line 28.
Package hyperref Info: Link coloring OFF on input line 28.
 (c:/texlive/2020/texmf-dist/tex/latex/hyperref/nameref.sty
Package: nameref 2021-04-02 v2.47 Cross-referencing by name of section
(c:/texlive/2020/texmf-dist/tex/latex/refcount/refcount.sty
Package: refcount 2019/12/15 v3.6 Data extraction from label references (HO)
)
(c:/texlive/2020/texmf-dist/tex/generic/gettitlestring/gettitlestring.sty
Package: gettitlestring 2019/12/15 v1.6 Cleanup title references (HO)
)
\c@section@level=\count306
)
LaTeX Info: Redefining \ref on input line 28.
LaTeX Info: Redefining \pageref on input line 28.
LaTeX Info: Redefining \nameref on input line 28.

(./szakdolgozat.out) (./szakdolgozat.out)
\@outlinefile=\write4
\openout4 = `szakdolgozat.out'.


*geometry* driver: auto-detecting
*geometry* detected driver: pdftex
*geometry* verbose mode - [ preamble ] result:
* driver: pdftex
* paper: a4paper
* layout: <same size as paper>
* layoutoffset:(h,v)=(0.0pt,0.0pt)
* modes: 
* h-part:(L,W,R)=(85.35826pt, 441.01773pt, 71.13188pt)
* v-part:(T,H,B)=(71.13188pt, 702.78308pt, 71.13188pt)
* \paperwidth=597.50787pt
* \paperheight=845.04684pt
* \textwidth=441.01773pt
* \textheight=702.78308pt
* \oddsidemargin=13.08827pt
* \evensidemargin=13.08827pt
* \topmargin=-38.1381pt
* \headheight=15.0pt
* \headsep=25.0pt
* \topskip=12.0pt
* \footskip=30.0pt
* \marginparwidth=44.0pt
* \marginparsep=10.0pt
* \columnsep=10.0pt
* \skip\footins=10.8pt plus 4.0pt minus 2.0pt
* \hoffset=0.0pt
* \voffset=0.0pt
* \mag=1000
* \@twocolumnfalse
* \@twosidefalse
* \@mparswitchfalse
* \@reversemarginfalse
* (1in=72.27pt=25.4mm, 1cm=28.453pt)

LaTeX Font Info:    Trying to load font information for OT1+lmr on input line 2
8.
(c:/texlive/2020/texmf-dist/tex/latex/lm/ot1lmr.fd
File: ot1lmr.fd 2009/10/30 v1.6 Font defs for Latin Modern
)<<ot1.cmap>>
LaTeX Font Info:    Trying to load font information for OML+lmm on input line 2
8.

(c:/texlive/2020/texmf-dist/tex/latex/lm/omllmm.fd
File: omllmm.fd 2009/10/30 v1.6 Font defs for Latin Modern
)<<oml.cmap>>
LaTeX Font Info:    Trying to load font information for OMS+lmsy on input line 
28.

(c:/texlive/2020/texmf-dist/tex/latex/lm/omslmsy.fd
File: omslmsy.fd 2009/10/30 v1.6 Font defs for Latin Modern
)<<oms.cmap>>
LaTeX Font Info:    Trying to load font information for OMX+lmex on input line 
28.

(c:/texlive/2020/texmf-dist/tex/latex/lm/omxlmex.fd
File: omxlmex.fd 2009/10/30 v1.6 Font defs for Latin Modern
)
LaTeX Font Info:    External font `lmex10' loaded for size
(Font)              <12> on input line 28.
<<omx.cmap>>
LaTeX Font Info:    External font `lmex10' loaded for size
(Font)              <8> on input line 28.
LaTeX Font Info:    External font `lmex10' loaded for size
(Font)              <6> on input line 28.
LaTeX Font Info:    Trying to load font information for U+msa on input line 28.


(c:/texlive/2020/texmf-dist/tex/latex/amsfonts/umsa.fd
File: umsa.fd 2013/01/14 v3.01 AMS symbols A
)
LaTeX Font Info:    Trying to load font information for U+msb on input line 28.


(c:/texlive/2020/texmf-dist/tex/latex/amsfonts/umsb.fd
File: umsb.fd 2013/01/14 v3.01 AMS symbols B
)
LaTeX Font Info:    Overwriting symbol font `largesymbols' in version `normal'
(Font)                  OMX/lmex/m/n --> OMX/cmex/m/n on input line 28.
LaTeX Font Info:    Overwriting symbol font `largesymbols' in version `bold'
(Font)                  OMX/lmex/m/n --> OMX/cmex/m/n on input line 28.

(c:/texlive/2020/texmf-dist/tex/context/base/mkii/supp-pdf.mkii
[Loading MPS to PDF converter (version 2006.09.02).]
\scratchcounter=\count307
\scratchdimen=\dimen181
\scratchbox=\box55
\nofMPsegments=\count308
\nofMParguments=\count309
\everyMPshowfont=\toks31
\MPscratchCnt=\count310
\MPscratchDim=\dimen182
\MPnumerator=\count311
\makeMPintoPDFobject=\count312
\everyMPtoPDFconversion=\toks32
) (c:/texlive/2020/texmf-dist/tex/latex/epstopdf-pkg/epstopdf-base.sty
Package: epstopdf-base 2020-01-24 v2.11 Base part for package epstopdf
Package epstopdf-base Info: Redefining graphics rule for `.eps' on input line 4
85.

(c:/texlive/2020/texmf-dist/tex/latex/latexconfig/epstopdf-sys.cfg
File: epstopdf-sys.cfg 2010/07/13 v1.3 Configuration of (r)epstopdf for TeX Liv
e
))
\c@lstlisting=\count313

(c:/texlive/2020/texmf-dist/tex/latex/base/inputenc.sty
Package: inputenc 2020/08/01 v1.3d Input encoding file
\inpenc@prehook=\toks33
\inpenc@posthook=\toks34
)
Package caption Info: Begin \AtBeginDocument code.
Package caption Info: hungarian babel package is loaded.
Package caption Info: hungarian babel package is loaded.
Package caption Info: End \AtBeginDocument code.

(c:/texlive/2020/texmf-dist/tex/latex/pdflscape/pdflscape.sty
Package: pdflscape 2019/12/05 v0.12 Display of landscape pages in PDF (HO)

(c:/texlive/2020/texmf-dist/tex/latex/graphics/lscape.sty
Package: lscape 2020/05/28 v3.02 Landscape Pages (DPC)
)
Package pdflscape Info: Auto-detected driver: pdftex on input line 81.
)
(c:/texlive/2020/texmf-dist/tex/latex/base/report.cls
LaTeX Info: Redefining \cal on input line 577.
LaTeX Info: Redefining \mit on input line 578.
)
<eszterhazy-logo-hu.pdf, id=238, 256.07469pt x 84.78476pt>
File: eszterhazy-logo-hu.pdf Graphic file (type pdf)
<use eszterhazy-logo-hu.pdf>
Package pdftex.def Info: eszterhazy-logo-hu.pdf  used on input line 35.
(pdftex.def)             Requested size: 256.07405pt x 84.78453pt.
 [1


{c:/texlive/2020/texmf-var/fonts/map/pdftex/updmap/pdftex.map} <c:/texlive/2020
/texmf-dist/tex/latex/thesis-ekf/eszterhazy-logo-hu.pdf>] (./szakdolgozat.toc [
2

])
\tf@toc=\write5
\openout5 = `szakdolgozat.toc'.

 [3] [4

]
1. fejezet.
[5

]
<images/arduino/Uno_Pins.jpg, id=337, 547.2947pt x 408.02437pt>
File: images/arduino/Uno_Pins.jpg Graphic file (type jpg)
<use images/arduino/Uno_Pins.jpg>
Package pdftex.def Info: images/arduino/Uno_Pins.jpg  used on input line 73.
(pdftex.def)             Requested size: 441.01773pt x 328.79825pt.
 [6 <./images/arduino/Uno_Pins.jpg>]
<images/arduino/IDE_fel√©p√≠t√©s.jpg, id=345, 652.68843pt x 444.91219pt>
File: images/arduino/IDE_fel√©p√≠t√©s.jpg Graphic file (type jpg)
<use images/arduino/IDE_fel√©p√≠t√©s.jpg>
Package pdftex.def Info: images/arduino/IDE_fel√©p√≠t√©s.jpg  used on input lin
e 87.
(pdftex.def)             Requested size: 441.01773pt x 300.6354pt.
 [7 <./images/arduino/IDE_fel√©p√≠t√©s.jpg>] [8]
<images/android/android_ide.jpg, id=369, 1196.97188pt x 639.13782pt>
File: images/android/android_ide.jpg Graphic file (type jpg)
<use images/android/android_ide.jpg>
Package pdftex.def Info: images/android/android_ide.jpg  used on input line 123
.
(pdftex.def)             Requested size: 441.01773pt x 235.48254pt.
 [9 <./images/android/android_ide.jpg>]
<images/android/ide_hiba√©rz√©kel√©s.jpg, id=380, 1184.17406pt x 539.01375pt>
File: images/android/ide_hiba√©rz√©kel√©s.jpg Graphic file (type jpg)
<use images/android/ide_hiba√©rz√©kel√©s.jpg>
Package pdftex.def Info: images/android/ide_hiba√©rz√©kel√©s.jpg  used on input
 line 137.
(pdftex.def)             Requested size: 441.01773pt x 200.73969pt.
 [10 <./images/android/ide_hiba√©rz√©kel√©s.jpg>]
2. fejezet.
[11

]
LaTeX Font Info:    Trying to load font information for TS1+lmr on input line 1
63.
 (c:/texlive/2020/texmf-dist/tex/latex/lm/ts1lmr.fd
File: ts1lmr.fd 2009/10/30 v1.6 Font defs for Latin Modern
) [12]
3. fejezet.
[13

] [14]
4. fejezet.
<images/grafok/fomenu_graf.jpg, id=411, 618.05907pt x 191.9672pt>
File: images/grafok/fomenu_graf.jpg Graphic file (type jpg)
<use images/grafok/fomenu_graf.jpg>
Package pdftex.def Info: images/grafok/fomenu_graf.jpg  used on input line 239.

(pdftex.def)             Requested size: 441.01773pt x 136.98308pt.
[15

 <./images/grafok/fomenu_graf.jpg>]
<images/grafok/iranyitas_graf.jpg, id=417, 569.87906pt x 297.36093pt>
File: images/grafok/iranyitas_graf.jpg Graphic file (type jpg)
<use images/grafok/iranyitas_graf.jpg>
Package pdftex.def Info: images/grafok/iranyitas_graf.jpg  used on input line 2
65.
(pdftex.def)             Requested size: 441.01773pt x 230.12111pt.
 [16 <./images/grafok/iranyitas_graf.jpg>]
<images/grafok/kovetes_graf.jpg, id=423, 678.535pt x 588.1975pt>
File: images/grafok/kovetes_graf.jpg Graphic file (type jpg)
<use images/grafok/kovetes_graf.jpg>
Package pdftex.def Info: images/grafok/kovetes_graf.jpg  used on input line 278
.
(pdftex.def)             Requested size: 441.01773pt x 382.29692pt.
 [17 <./images/grafok/kovetes_graf.jpg>]
<images/grafok/log_graf.jpg, id=431, 440.39531pt x 219.06844pt>
File: images/grafok/log_graf.jpg Graphic file (type jpg)
<use images/grafok/log_graf.jpg>
Package pdftex.def Info: images/grafok/log_graf.jpg  used on input line 295.
(pdftex.def)             Requested size: 441.01773pt x 219.38544pt.
 [18 <./images/grafok/log_graf.jpg>]
<images/app_screen/home_screen.jpg, id=437, 2409.0pt x 1084.05pt>
File: images/app_screen/home_screen.jpg Graphic file (type jpg)
<use images/app_screen/home_screen.jpg>
Package pdftex.def Info: images/app_screen/home_screen.jpg  used on input line 
321.
(pdftex.def)             Requested size: 441.01773pt x 198.44537pt.
<images/app_screen/help_screen.jpg, id=438, 2409.0pt x 1084.05pt>
File: images/app_screen/help_screen.jpg Graphic file (type jpg)
<use images/app_screen/help_screen.jpg>
Package pdftex.def Info: images/app_screen/help_screen.jpg  used on input line 
329.
(pdftex.def)             Requested size: 441.01773pt x 198.44537pt.


LaTeX Warning: `h' float specifier changed to `ht'.

[19 <./images/app_screen/home_screen.jpg>]
<images/app_screen/follow_screen.jpg, id=447, 2409.0pt x 1084.05pt>
File: images/app_screen/follow_screen.jpg Graphic file (type jpg)
<use images/app_screen/follow_screen.jpg>
Package pdftex.def Info: images/app_screen/follow_screen.jpg  used on input lin
e 348.
(pdftex.def)             Requested size: 441.01773pt x 198.44537pt.
 [20 <./images/app_screen/help_screen.jpg> <./images/app_screen/follow_screen.j
pg>]
<images/app_screen/control_screen.jpg, id=456, 2409.0pt x 1084.05pt>
File: images/app_screen/control_screen.jpg Graphic file (type jpg)
<use images/app_screen/control_screen.jpg>
Package pdftex.def Info: images/app_screen/control_screen.jpg  used on input li
ne 372.
(pdftex.def)             Requested size: 441.01773pt x 198.44537pt.
 [21 <./images/app_screen/control_screen.jpg>]
<images/app_screen/log_screen.jpg, id=462, 2409.0pt x 1084.05pt>
File: images/app_screen/log_screen.jpg Graphic file (type jpg)
<use images/app_screen/log_screen.jpg>
Package pdftex.def Info: images/app_screen/log_screen.jpg  used on input line 3
85.
(pdftex.def)             Requested size: 441.01773pt x 198.44537pt.
 [22 <./images/app_screen/log_screen.jpg>]
5. fejezet.
Package hyperref Info: bookmark level for unknown lstlisting defaults to 0 on i
nput line 397.
(c:/texlive/2020/texmf-dist/tex/latex/base/latin2.def
File: latin2.def 2020/08/01 v1.3d Input encoding file
)
(c:/texlive/2020/texmf-dist/tex/generic/stringenc/se-utf8.def
File: se-utf8.def 2019/11/29 v1.12 stringenc: UTF-8
)
(c:/texlive/2020/texmf-dist/tex/generic/stringenc/se-iso-8859-2.def
File: se-iso-8859-2.def 2019/11/29 v1.12 stringenc: ISO-8859-2
) [23

]
(c:/texlive/2020/texmf-dist/tex/latex/base/latin2.def
File: latin2.def 2020/08/01 v1.3d Input encoding file
) [24]
Overfull \hbox (2.7299pt too wide) in paragraph at lines 410--411
[]\T1/lmr/m/n/12 Ahhoz, hogy a te-le-fon-rÛl kÈ-pe-sek le-gy¸nk ada-tok k¸l-dÈ-
sÈ-re az 'And-ro-id-Ma-ni-fest.xml'
 []


Overfull \hbox (6.94093pt too wide) in paragraph at lines 410--411
\T1/lmr/m/n/12 f·jl-j·-ban en-ge-dÈ-lyez-n¸nk kell a Blu-e-to-oth mo-dul hasz-n
·-la-t·t me-lyet a ,,<uses-permission
 []

(c:/texlive/2020/texmf-dist/tex/latex/base/latin2.def
File: latin2.def 2020/08/01 v1.3d Input encoding file
) [25]
(c:/texlive/2020/texmf-dist/tex/latex/base/latin2.def
File: latin2.def 2020/08/01 v1.3d Input encoding file
) [26]
(c:/texlive/2020/texmf-dist/tex/latex/base/latin2.def
File: latin2.def 2020/08/01 v1.3d Input encoding file
) [27]
(c:/texlive/2020/texmf-dist/tex/latex/base/latin2.def
File: latin2.def 2020/08/01 v1.3d Input encoding file
)
<images/ultrasonic.jpg, id=598, 710.655pt x 288.07625pt>
File: images/ultrasonic.jpg Graphic file (type jpg)
<use images/ultrasonic.jpg>
Package pdftex.def Info: images/ultrasonic.jpg  used on input line 436.
(pdftex.def)             Requested size: 441.01773pt x 178.77684pt.
 [28 <./images/ultrasonic.jpg>] (c:/texlive/2020/texmf-dist/tex/latex/base/lati
n2.def
File: latin2.def 2020/08/01 v1.3d Input encoding file
)
(c:/texlive/2020/texmf-dist/tex/latex/base/latin2.def
File: latin2.def 2020/08/01 v1.3d Input encoding file
) [29]
(c:/texlive/2020/texmf-dist/tex/latex/base/latin2.def
File: latin2.def 2020/08/01 v1.3d Input encoding file
) [30]
(c:/texlive/2020/texmf-dist/tex/latex/base/latin2.def
File: latin2.def 2020/08/01 v1.3d Input encoding file
) [31]
(c:/texlive/2020/texmf-dist/tex/latex/base/latin2.def
File: latin2.def 2020/08/01 v1.3d Input encoding file
) [32]

LaTeX Warning: Reference `storage_permission' on page 33 undefined on input lin
e 479.

[33]
6. fejezet.
<images/robot_build/2_wheel_car.jpg, id=736, 192.72pt x 192.72pt>
File: images/robot_build/2_wheel_car.jpg Graphic file (type jpg)
<use images/robot_build/2_wheel_car.jpg>
Package pdftex.def Info: images/robot_build/2_wheel_car.jpg  used on input line
 491.
(pdftex.def)             Requested size: 176.40439pt x 176.4047pt.
[34

 <./images/robot_build/2_wheel_car.jpg>]
<images/robot_build/robot_base.jpg, id=743, 1568.86125pt x 1095.3422pt>
File: images/robot_build/robot_base.jpg Graphic file (type jpg)
<use images/robot_build/robot_base.jpg>
Package pdftex.def Info: images/robot_build/robot_base.jpg  used on input line 
509.
(pdftex.def)             Requested size: 374.86775pt x 261.71754pt.
 [35 <./images/robot_build/robot_base.jpg>]
<images/ram_usage.jpg, id=751, 1073.51062pt x 618.81187pt>
File: images/ram_usage.jpg Graphic file (type jpg)
<use images/ram_usage.jpg>
Package pdftex.def Info: images/ram_usage.jpg  used on input line 527.
(pdftex.def)             Requested size: 352.81552pt x 203.37762pt.
 [36 <./images/ram_usage.jpg>] [37]
<images/log_transform.jpg, id=766, 393.72093pt x 91.09032pt>
File: images/log_transform.jpg Graphic file (type jpg)
<use images/log_transform.jpg>
Package pdftex.def Info: images/log_transform.jpg  used on input line 563.
(pdftex.def)             Requested size: 352.81552pt x 81.62607pt.
 [38 <./images/log_transform.jpg>]
7. fejezet.
<images/robot_build/motor-no-cable.jpg, id=773, 578.16pt x 578.16pt>
File: images/robot_build/motor-no-cable.jpg Graphic file (type jpg)
<use images/robot_build/motor-no-cable.jpg>
Package pdftex.def Info: images/robot_build/motor-no-cable.jpg  used on input l
ine 608.
(pdftex.def)             Requested size: 142.26378pt x 142.26357pt.
<images/robot_build/motor-with-cable.jpg, id=774, 578.16pt x 578.16pt>
File: images/robot_build/motor-with-cable.jpg Graphic file (type jpg)
<use images/robot_build/motor-with-cable.jpg>
Package pdftex.def Info: images/robot_build/motor-with-cable.jpg  used on input
 line 609.
(pdftex.def)             Requested size: 142.26378pt x 142.26357pt.
[39

]
<images/robot_build/akku-connect.png, id=781, 1568.86125pt x 1774.37906pt>
File: images/robot_build/akku-connect.png Graphic file (type png)
<use images/robot_build/akku-connect.png>
Package pdftex.def Info: images/robot_build/akku-connect.png  used on input lin
e 619.
(pdftex.def)             Requested size: 142.26378pt x 160.87851pt.
<images/robot_build/shieldre-bekotes.jpg, id=783, 1568.86125pt x 1774.37906pt>
File: images/robot_build/shieldre-bekotes.jpg Graphic file (type jpg)
<use images/robot_build/shieldre-bekotes.jpg>
Package pdftex.def Info: images/robot_build/shieldre-bekotes.jpg  used on input
 line 620.
(pdftex.def)             Requested size: 142.26378pt x 160.87851pt.
 [40 <./images/robot_build/motor-no-cable.jpg> <./images/robot_build/motor-with
-cable.jpg> <./images/robot_build/akku-connect.png> <./images/robot_build/shiel
dre-bekotes.jpg>]
<images/robot_build/finished_robot.jpg, id=791, 4641.34pt x 2091.815pt>
File: images/robot_build/finished_robot.jpg Graphic file (type jpg)
<use images/robot_build/finished_robot.jpg>
Package pdftex.def Info: images/robot_build/finished_robot.jpg  used on input l
ine 640.
(pdftex.def)             Requested size: 441.01773pt x 198.75641pt.
 [41 <./images/robot_build/finished_robot.jpg>] [42]
<images/app_screen/permission_grant.jpg, id=808, 2409.0pt x 1084.05pt>
File: images/app_screen/permission_grant.jpg Graphic file (type jpg)
<use images/app_screen/permission_grant.jpg>
Package pdftex.def Info: images/app_screen/permission_grant.jpg  used on input 
line 677.
(pdftex.def)             Requested size: 441.01773pt x 198.44537pt.

[43 <./images/app_screen/permission_grant.jpg>]
8. fejezet.
[44

] [45]
LaTeX Font Info:    Trying to load font information for T1+lmtt on input line 7
14.
 (c:/texlive/2020/texmf-dist/tex/latex/lm/t1lmtt.fd
File: t1lmtt.fd 2009/10/30 v1.6 Font defs for Latin Modern
)
Underfull \hbox (badness 10000) in paragraph at lines 717--718
[][]$\T1/lmtt/m/sc/12 https : / / create . arduino . cc / projecthub / abdularb
i17 /
 []


Underfull \hbox (badness 10000) in paragraph at lines 719--720
[][]$\T1/lmtt/m/sc/12 https : / / stackoverflow . com / questions / 7672334 /
 []


Underfull \hbox (badness 10000) in paragraph at lines 721--722
[][]$\T1/lmtt/m/sc/12 https : / / stackoverflow . com / questions / 3806536 /
 []


Underfull \hbox (badness 10000) in paragraph at lines 723--724
[][]$\T1/lmtt/m/sc/12 https : / / stackoverflow . com / questions / 5171248 /
 []


Underfull \hbox (badness 10000) in paragraph at lines 725--726
[][]$\T1/lmtt/m/sc/12 https : / / stackoverflow . com / questions / 45140098 /
 []

<nyilatkozat.pdf, id=833, 614.295pt x 846.16125pt>
File: nyilatkozat.pdf Graphic file (type pdf)
<use nyilatkozat.pdf>
Package pdftex.def Info: nyilatkozat.pdf  used on input line 727.
(pdftex.def)             Requested size: 614.29349pt x 846.1592pt.
File: nyilatkozat.pdf Graphic file (type pdf)
<use nyilatkozat.pdf>
Package pdftex.def Info: nyilatkozat.pdf  used on input line 727.
(pdftex.def)             Requested size: 614.29349pt x 846.1592pt.
<nyilatkozat.pdf, id=836, page=1, 614.295pt x 846.16125pt>
File: nyilatkozat.pdf Graphic file (type pdf)
<use nyilatkozat.pdf, page 1>
Package pdftex.def Info: nyilatkozat.pdf , page1 used on input line 727.
(pdftex.def)             Requested size: 614.29349pt x 846.1592pt.
File: nyilatkozat.pdf Graphic file (type pdf)
<use nyilatkozat.pdf, page 1>
Package pdftex.def Info: nyilatkozat.pdf , page1 used on input line 727.
(pdftex.def)             Requested size: 597.78697pt x 823.42227pt.
[46

]
File: nyilatkozat.pdf Graphic file (type pdf)
<use nyilatkozat.pdf, page 1>
Package pdftex.def Info: nyilatkozat.pdf , page1 used on input line 727.
(pdftex.def)             Requested size: 597.78697pt x 823.42227pt.
File: nyilatkozat.pdf Graphic file (type pdf)
<use nyilatkozat.pdf, page 1>
Package pdftex.def Info: nyilatkozat.pdf , page1 used on input line 727.
(pdftex.def)             Requested size: 597.78697pt x 823.42227pt.
File: nyilatkozat.pdf Graphic file (type pdf)
<use nyilatkozat.pdf, page 1>
Package pdftex.def Info: nyilatkozat.pdf , page1 used on input line 727.
(pdftex.def)             Requested size: 597.78697pt x 823.42227pt.
 [47 <./nyilatkozat.pdf>] (./szakdolgozat.aux)

LaTeX Warning: There were undefined references.

Package rerunfilecheck Info: File `szakdolgozat.out' has not changed.
(rerunfilecheck)             Checksum: ABDB46BF62767EF976D1BB7D8B9D197C;13433.
 ) 
Here is how much of TeX's memory you used:
 18018 strings out of 479023
 275032 string characters out of 5863351
 986676 words of memory out of 5000000
 34732 multiletter control sequences out of 15000+600000
 485343 words of font info for 91 fonts, out of 8000000 for 9000
 1141 hyphenation exceptions out of 8191
 86i,17n,88p,818b,1817s stack positions out of 5000i,500n,10000p,200000b,80000s
{c:/texlive/2020/texmf-dist/fonts/enc/dvips/lm/lm-ec.enc}{c:/texlive/2020/tex
mf-dist/fonts/enc/dvips/lm/lm-ts1.enc}{c:/texlive/2020/texmf-dist/fonts/enc/dvi
ps/lm/lm-mathsy.enc}{c:/texlive/2020/texmf-dist/fonts/enc/dvips/lm/lm-mathit.en
c}<c:/texlive/2020/texmf-dist/fonts/type1/public/lm/lmbx10.pfb><c:/texlive/2020
/texmf-dist/fonts/type1/public/lm/lmbx12.pfb><c:/texlive/2020/texmf-dist/fonts/
type1/public/lm/lmcsc10.pfb><c:/texlive/2020/texmf-dist/fonts/type1/public/lm/l
mmi10.pfb><c:/texlive/2020/texmf-dist/fonts/type1/public/lm/lmr10.pfb><c:/texli
ve/2020/texmf-dist/fonts/type1/public/lm/lmr12.pfb><c:/texlive/2020/texmf-dist/
fonts/type1/public/lm/lmr7.pfb><c:/texlive/2020/texmf-dist/fonts/type1/public/l
m/lmr8.pfb><c:/texlive/2020/texmf-dist/fonts/type1/public/lm/lmri10.pfb><c:/tex
live/2020/texmf-dist/fonts/type1/public/lm/lmri12.pfb><c:/texlive/2020/texmf-di
st/fonts/type1/public/lm/lmsy10.pfb><c:/texlive/2020/texmf-dist/fonts/type1/pub
lic/lm/lmtcsc10.pfb>
Output written on szakdolgozat.pdf (47 pages, 20277738 bytes).
PDF statistics:
 977 PDF objects out of 1000 (max. 8388607)
 871 compressed objects within 9 object streams
 336 named destinations out of 1000 (max. 500000)
 622 words of extra memory for PDF output out of 10000 (max. 10000000)

